<?xml version="1.0" encoding="UTF-8"?>
<!-- Generated by org.testng.reporters.JUnitXMLReporter -->
<testsuite ignored="0" hostname="lokimbp.local" failures="0" tests="4" name="Command line test" time="0.033" errors="0" timestamp="2021-10-27T19:29:50 PDT">
  <testcase classname="MyFirstTest" name="testClicks" time="0.011"/>
  <testcase classname="MyFirstTest" name="testConcatenation" time="0.002"/>
  <testcase classname="MyFirstTest" name="testHello" time="0.0"/>
  <testcase classname="MyFirstTest" name="testNamber" time="0.0"/>
</testsuite> <!-- Command line test -->
