<?xml version="1.0" encoding="UTF-8"?>
<testng-results ignored="0" total="4" passed="4" failed="0" skipped="0">
  <reporter-output>
  </reporter-output>
  <suite started-at="2021-10-27T19:29:49 PDT" name="MyFirstTest" finished-at="2021-10-27T19:29:49 PDT" duration-ms="33">
    <groups>
    </groups>
    <test started-at="2021-10-27T19:29:49 PDT" name="Command line test" finished-at="2021-10-27T19:29:49 PDT" duration-ms="33">
      <class name="MyFirstTest">
        <test-method signature="testClicks()[pri:0, instance:MyFirstTest@131276c2]" started-at="2021-10-27T19:29:49 PDT" name="testClicks" finished-at="2021-10-27T19:29:49 PDT" duration-ms="11" status="PASS">
          <reporter-output>
          </reporter-output>
        </test-method> <!-- testClicks -->
        <test-method signature="testConcatenation()[pri:0, instance:MyFirstTest@131276c2]" started-at="2021-10-27T19:29:49 PDT" name="testConcatenation" finished-at="2021-10-27T19:29:49 PDT" duration-ms="2" status="PASS">
          <reporter-output>
          </reporter-output>
        </test-method> <!-- testConcatenation -->
        <test-method signature="testHello()[pri:0, instance:MyFirstTest@131276c2]" started-at="2021-10-27T19:29:49 PDT" name="testHello" finished-at="2021-10-27T19:29:49 PDT" duration-ms="0" status="PASS">
          <reporter-output>
          </reporter-output>
        </test-method> <!-- testHello -->
        <test-method signature="testNamber()[pri:0, instance:MyFirstTest@131276c2]" started-at="2021-10-27T19:29:49 PDT" name="testNamber" finished-at="2021-10-27T19:29:49 PDT" duration-ms="0" status="PASS">
          <reporter-output>
          </reporter-output>
        </test-method> <!-- testNamber -->
      </class> <!-- MyFirstTest -->
    </test> <!-- Command line test -->
  </suite> <!-- MyFirstTest -->
</testng-results>
